2017-11-22 19:38:36,082 : 加载设备及用户配置信息
2017-11-22 19:38:36,115 : 配置yaml列表中一共有 4 台设备
2017-11-22 19:38:36,115 : 配置yaml列表中一共有 2 个用户信息
2017-11-22 19:38:36,115 : 配置yaml列表中devicename信息
2017-11-22 19:38:36,115 : 获得服务器上待测试的设备
2017-11-22 19:38:39,151 : 已连接的设备： d6d9f4c6 ------ VIVO_X7
2017-11-22 19:38:39,296 : 端口被占用，结束端口进程
  TCP    127.0.0.1:8886         127.0.0.1:50944        TIME_WAIT       0

2017-11-22 19:38:39,490 : Start Server...
2017-11-22 19:38:49,061 : --------- GET HttpServerHandler---------
2017-11-22 19:38:49,061 : /run?mode=monkey
2017-11-22 19:38:49,062 : Start run monkey...
2017-11-22 19:38:49,065 : 开始执行任务...
2017-11-22 19:39:08,009 : 设备与登陆号码对应关系VIVO_X7 ----- 
2017-11-22 19:39:08,145 : 设备：VIVO_X7 开始预处理流程...
2017-11-22 19:39:09,509 : 设备：VIVO_X7 启动成功
2017-11-22 19:39:09,509 : 设备：VIVO_X7 开始登录，使用账号:18700000107
2017-11-22 19:39:09,510 : 设备：VIVO_X7 find by xpath://android.view.View[@content-desc='收不到验证码？使用账号密码登录']
2017-11-22 19:39:44,036 : 设备：VIVO_X7 screen shot at path:C:\Users\hp\PycharmProjects\appium_python_android\testresult\screenshot\登录成功.png
2017-11-22 19:39:44,036 : 设备：VIVO_X7 登录成功
2017-11-22 19:39:44,038 : 设备：VIVO_X7 预处理成功，开始执行测试用例
2017-11-22 19:39:44,038 : 设备：VIVO_X7 ---开始执行monkey---
