2017-11-22 09:38:07,157 : 加载设备及用户配置信息
2017-11-22 09:38:07,187 : 配置yaml列表中一共有 4 台设备
2017-11-22 09:38:07,187 : 配置yaml列表中一共有 2 个用户信息
2017-11-22 09:38:07,187 : 配置yaml列表中devicename信息
2017-11-22 09:38:07,187 : 获得服务器上待测试的设备
2017-11-22 09:38:10,286 : 已连接的设备： d6d9f4c6 ------ VIVO_X7
2017-11-22 09:38:10,456 : Start Server...
2017-11-22 09:38:14,423 : --------- GET HttpServerHandler---------
2017-11-22 09:38:14,423 : /run?mode=monkey
2017-11-22 09:38:14,424 : Start run monkey...
2017-11-22 09:38:14,427 : 开始执行任务...
2017-11-22 09:38:20,540 : 设备与登陆号码对应关系VIVO_X7 ----- 
2017-11-22 09:38:43,351 : 设备：VIVO_X7 开始预处理流程...
2017-11-22 09:39:41,015 : 设备：VIVO_X7 卸载旧版本的apk包
2017-11-22 09:39:50,684 : 设备：VIVO_X7 开始安装测试的apk包
2017-11-22 09:39:52,707 : 设备：VIVO_X7 处理安装中各种弹窗
2017-11-22 09:39:52,710 : 设备：VIVO_X7 启动app并处理安装弹窗
2017-11-22 09:39:59,711 : 设备：VIVO_X7 tap screen point at x:500 y:1900
2017-11-22 09:40:06,842 : 设备：VIVO_X7 tap screen point at x:260 y:1855
2017-11-22 09:40:53,746 : 设备：VIVO_X7 出现异常!
2017-11-22 09:41:01,467 : 设备：VIVO_X7 出现异常
