2017-11-22 19:37:04,411 : 加载设备及用户配置信息
2017-11-22 19:37:04,418 : 配置yaml列表中一共有 4 台设备
2017-11-22 19:37:04,421 : 配置yaml列表中一共有 2 个用户信息
2017-11-22 19:37:04,421 : 配置yaml列表中devicename信息
2017-11-22 19:37:04,421 : 获得服务器上待测试的设备
2017-11-22 19:37:07,440 : 已连接的设备： d6d9f4c6 ------ VIVO_X7
2017-11-22 19:37:07,565 : Start Server...
2017-11-22 19:37:18,612 : --------- GET HttpServerHandler---------
2017-11-22 19:37:18,614 : /run?mode=monkey
2017-11-22 19:37:18,614 : Start run monkey...
2017-11-22 19:37:18,615 : 开始执行任务...
2017-11-22 19:37:28,197 : 设备与登陆号码对应关系VIVO_X7 ----- 
2017-11-22 19:37:28,332 : 设备：VIVO_X7 开始预处理流程...
2017-11-22 19:37:29,740 : 设备：VIVO_X7 启动成功
2017-11-22 19:37:29,740 : 设备：VIVO_X7 开始登录，使用账号:18700000107
2017-11-22 19:37:29,742 : 设备：VIVO_X7 find by xpath://android.view.View[@content-desc='收不到验证码？使用账号密码登录']
2017-11-22 19:37:57,841 : 设备：VIVO_X7 screen shot at path:C:\Users\hp\PycharmProjects\appium_python_android\testresult\screenshot\登录成功.png
2017-11-22 19:37:57,842 : 设备：VIVO_X7 登录成功
2017-11-22 19:37:57,842 : 设备：VIVO_X7 预处理成功，开始执行测试用例
2017-11-22 19:37:57,842 : 设备：VIVO_X7 ---开始执行monkey---
2017-11-22 19:37:57,845 : 设备：VIVO_X7 出现异常
2017-11-22 19:38:07,851 : 完成测试并退出所有Driver
