2017-11-22 15:47:44,990 : 加载设备及用户配置信息
2017-11-22 15:47:45,022 : 配置yaml列表中一共有 4 台设备
2017-11-22 15:47:45,023 : 配置yaml列表中一共有 2 个用户信息
2017-11-22 15:47:45,023 : 配置yaml列表中devicename信息
2017-11-22 15:47:45,023 : 获得服务器上待测试的设备
2017-11-22 15:47:48,068 : 已连接的设备： d6d9f4c6 ------ VIVO_X7
2017-11-22 15:47:48,207 : 端口被占用，结束端口进程
  TCP    127.0.0.1:8886         127.0.0.1:51255        TIME_WAIT       0

2017-11-22 15:47:48,401 : Start Server...
2017-11-22 15:47:54,138 : --------- GET HttpServerHandler---------
2017-11-22 15:47:54,140 : /run?mode=monkey
2017-11-22 15:47:54,141 : Start run monkey...
2017-11-22 15:47:54,144 : 开始执行任务...
2017-11-22 15:48:03,437 : 设备与登陆号码对应关系VIVO_X7 ----- 
2017-11-22 15:48:03,704 : 设备：VIVO_X7 开始预处理流程...
2017-11-22 15:48:05,108 : 设备：VIVO_X7 启动成功
2017-11-22 15:48:05,108 : 设备：VIVO_X7 开始登录，使用账号:18700000107
2017-11-22 15:48:05,109 : 设备：VIVO_X7 find by xpath://android.view.View[@content-desc='收不到验证码？使用账号密码登录']
2017-11-22 15:48:05,660 : --------- GET HttpServerHandler---------
2017-11-22 15:48:05,660 : /run?mode=monkey
