2017-11-22 11:53:56,796 : 加载设备及用户参数信息
2017-11-22 11:53:56,838 : 配置yaml列表中一共有 4 台设备
2017-11-22 11:53:56,838 : 配置yaml列表中一共有 2 个用户信息
2017-11-22 11:53:56,839 : 配置yaml列表中devicename信息
2017-11-22 11:53:56,839 : 获得ADB连接的设备
2017-11-22 11:53:56,977 : 当前已连接设备数: 1
2017-11-22 11:53:56,977 : 获得待测试的设备
2017-11-22 11:54:01,013 : ~~~~~~~~~~~~~~~~~~~~~~~~~~~~~已连接的设备~~~~~~~~~~~~~~~~~~~~~~~~~~~~~~~~~~~~
2017-11-22 11:54:01,013 : 已连接的设备： d6d9f4c6 ------ VIVO_X7
2017-11-22 11:54:01,013 : ~~~~~~~~~~~~~~~~~~~~~~~~~~~~~~~~~~~~~~~~~~~~~~~~~~~~~~~~~~~~~~~~~~~~~~~~~~~
2017-11-22 11:54:01,013 : 丢失备数: 4
2017-11-22 11:54:01,015 : ~~~~~~~~~~~~~~~~~~~~~~~~~~~~~丢失的设备~~~~~~~~~~~~~~~~~~~~~~~~~~~~~~~~~~~~
2017-11-22 11:54:01,015 : ！！！设备丢失！！！： 5HUC9S6599999999 ------ OPPO_R9M
2017-11-22 11:54:01,016 : ！！！设备丢失！！！： 7c404969 ------ OPPO_A33
2017-11-22 11:54:01,016 : ！！！设备丢失！！！： d6d9f4c6 ------ VIVO_X7
2017-11-22 11:54:01,016 : ！！！设备丢失！！！： G6Q4U4EA99999999 ------ OPPO_A37M
2017-11-22 11:54:01,016 : ~~~~~~~~~~~~~~~~~~~~~~~~~~~~~~~~~~~~~~~~~~~~~~~~~~~~~~~~~~~~~~~~~~~~~~~~~~~
2017-11-22 11:54:01,183 : 端口被占用，结束端口进程
  TCP    127.0.0.1:4722         127.0.0.1:60025        TIME_WAIT       0

2017-11-22 11:54:04,388 : 启动设备:VIVO_X7 对应的Appium Server
2017-11-22 11:54:04,388 : appium -p 4722 -bp 4822 -U d6d9f4c6 --session-override
