2017-11-23 15:31:27,890 : 加载设备及用户配置信息
2017-11-23 15:31:27,937 : 配置yaml列表中一共有 4 台设备
2017-11-23 15:31:27,937 : 配置yaml列表中一共有 2 个用户信息
2017-11-23 15:31:27,938 : 配置yaml列表中devicename信息
2017-11-23 15:31:27,940 : 获得服务器上待测试的设备
2017-11-23 15:31:30,967 : 已连接的设备： d6d9f4c6 ------ VIVO_X7
2017-11-23 15:31:31,124 : Start Server...
2017-11-23 15:31:37,505 : --------- GET HttpServerHandler---------
2017-11-23 15:31:37,505 : /run?mode=monkey
2017-11-23 15:31:37,506 : Start run monkey...
2017-11-23 15:31:37,510 : 开始执行任务...
2017-11-23 15:31:52,947 : 设备与登陆号码对应关系VIVO_X7 ----- 
2017-11-23 15:31:53,130 : 设备：VIVO_X7 开始预处理流程...
2017-11-23 15:31:54,601 : 设备：VIVO_X7 启动成功
2017-11-23 15:31:54,602 : 设备：VIVO_X7 开始登录，使用账号:18700000107
2017-11-23 15:31:54,602 : 设备：VIVO_X7 find by xpath://android.view.View[@content-desc='收不到验证码？使用账号密码登录']
2017-11-23 15:32:22,586 : 设备：VIVO_X7 screen shot at path:C:\Users\hp\PycharmProjects\appium_python_android\testresult\screenshot\登录成功.png
2017-11-23 15:32:22,586 : 设备：VIVO_X7 登录成功
2017-11-23 15:32:22,588 : 设备：VIVO_X7 预处理成功，开始执行测试用例
2017-11-23 15:32:22,588 : 设备：VIVO_X7 ---开始执行monkey---
