2017-11-23 14:32:53,170 : 加载设备及用户配置信息
2017-11-23 14:32:53,232 : 配置yaml列表中一共有 4 台设备
2017-11-23 14:32:53,233 : 配置yaml列表中一共有 2 个用户信息
2017-11-23 14:32:53,234 : 配置yaml列表中devicename信息
2017-11-23 14:32:53,236 : 获得服务器上待测试的设备
2017-11-23 14:32:56,273 : 已连接的设备： d6d9f4c6 ------ VIVO_X7
2017-11-23 14:32:56,397 : Start Server...
2017-11-23 14:33:02,727 : --------- GET HttpServerHandler---------
2017-11-23 14:33:02,727 : /run?mode=monkey
2017-11-23 14:33:02,729 : Start run monkey...
2017-11-23 14:33:02,739 : 开始执行任务...
2017-11-23 14:33:13,220 : 设备与登陆号码对应关系VIVO_X7 ----- 
2017-11-23 14:33:13,394 : 设备：VIVO_X7 开始预处理流程...
2017-11-23 14:33:15,059 : 设备：VIVO_X7 启动成功
2017-11-23 14:33:15,061 : 设备：VIVO_X7 开始登录，使用账号:18700000107
2017-11-23 14:33:15,061 : 设备：VIVO_X7 find by xpath://android.view.View[@content-desc='收不到验证码？使用账号密码登录']
2017-11-23 14:33:43,118 : 设备：VIVO_X7 screen shot at path:C:\Users\hp\PycharmProjects\appium_python_android\testresult\screenshot\登录成功.png
2017-11-23 14:33:43,118 : 设备：VIVO_X7 登录成功
2017-11-23 14:33:43,118 : 设备：VIVO_X7 预处理成功，开始执行测试用例
2017-11-23 14:33:43,119 : 设备：VIVO_X7 ---开始执行monkey---
2017-11-23 14:34:26,473 : 设备：VIVO_X7 出现异常
2017-11-23 14:34:37,318 : 完成测试并退出所有Driver
