2017-11-22 16:19:50,471 : 加载设备及用户配置信息
2017-11-22 16:19:50,513 : 配置yaml列表中一共有 4 台设备
2017-11-22 16:19:50,513 : 配置yaml列表中一共有 2 个用户信息
2017-11-22 16:19:50,513 : 配置yaml列表中devicename信息
2017-11-22 16:19:50,515 : 获得服务器上待测试的设备
2017-11-22 16:19:53,546 : 已连接的设备： d6d9f4c6 ------ VIVO_X7
2017-11-22 16:19:53,688 : Start Server...
2017-11-22 16:20:04,099 : --------- GET HttpServerHandler---------
2017-11-22 16:20:04,101 : /run?mode=monkey
2017-11-22 16:20:04,101 : Start run monkey...
2017-11-22 16:20:04,105 : 开始执行任务...
2017-11-22 16:20:26,696 : 设备与登陆号码对应关系VIVO_X7 ----- 
2017-11-22 16:20:26,838 : 设备：VIVO_X7 开始预处理流程...
2017-11-22 16:20:28,150 : 设备：VIVO_X7 启动成功
2017-11-22 16:20:28,151 : 设备：VIVO_X7 开始登录，使用账号:18700000107
2017-11-22 16:20:28,153 : 设备：VIVO_X7 find by xpath://android.view.View[@content-desc='收不到验证码？使用账号密码登录']
2017-11-22 16:21:12,059 : 设备：VIVO_X7 screen shot at path:C:\Users\hp\PycharmProjects\appium_python_android\testresult\screenshot\登录成功.png
2017-11-22 16:21:13,423 : 设备：VIVO_X7 登录成功
2017-11-22 16:21:50,128 : 设备：VIVO_X7 登录成功后，处理各种自动弹窗
2017-11-22 16:22:03,723 : 设备：VIVO_X7 tap screen point at x:316 y:1315
