2017-11-23 15:54:09,930 : 加载设备及用户配置信息
2017-11-23 15:54:09,969 : 配置yaml列表中一共有 4 台设备
2017-11-23 15:54:09,969 : 配置yaml列表中一共有 2 个用户信息
2017-11-23 15:54:09,970 : 配置yaml列表中devicename信息
2017-11-23 15:54:09,970 : 获得服务器上待测试的设备
2017-11-23 15:54:13,005 : 已连接的设备： d6d9f4c6 ------ VIVO_X7
2017-11-23 15:54:13,187 : Start Server...
2017-11-23 15:54:22,520 : --------- GET HttpServerHandler---------
2017-11-23 15:54:22,522 : /run?mode=monkey
2017-11-23 15:54:22,523 : Start run monkey...
2017-11-23 15:54:22,536 : 开始执行任务...
2017-11-23 15:54:33,384 : 设备与登陆号码对应关系VIVO_X7 ----- 
2017-11-23 15:54:33,546 : 设备：VIVO_X7 开始预处理流程...
2017-11-23 15:54:35,085 : 设备：VIVO_X7 启动成功
2017-11-23 15:54:35,085 : 设备：VIVO_X7 开始登录，使用账号:18700000107
2017-11-23 15:54:35,085 : 设备：VIVO_X7 find by xpath://android.view.View[@content-desc='收不到验证码？使用账号密码登录']
2017-11-23 15:55:03,950 : 设备：VIVO_X7 screen shot at path:C:\Users\hp\PycharmProjects\appium_python_android\testresult\screenshot\登录成功.png
2017-11-23 15:55:03,950 : 设备：VIVO_X7 登录成功
2017-11-23 15:55:03,950 : 设备：VIVO_X7 预处理成功，开始执行测试用例
2017-11-23 15:55:03,951 : 设备：VIVO_X7 ---开始执行monkey---
2017-11-23 15:56:01,790 : 设备：VIVO_X7 ---monkey执行结束---
2017-11-23 15:56:11,799 : 完成测试并退出所有Driver
2017-11-23 16:01:27,638 : --------- GET HttpServerHandler---------
2017-11-23 16:01:27,638 : /run?mode=autotest
2017-11-23 16:01:27,638 : Start run autotest...
2017-11-23 16:01:27,641 : 开始执行任务...
2017-11-23 16:03:13,848 : 设备与登陆号码对应关系VIVO_X7 ----- 
2017-11-23 16:03:14,125 : 设备：VIVO_X7 开始预处理流程...
2017-11-23 16:03:15,869 : 设备：VIVO_X7 启动成功
2017-11-23 16:03:15,871 : 设备：VIVO_X7 开始登录，使用账号:18700000107
2017-11-23 16:03:15,871 : 设备：VIVO_X7 find by xpath://android.view.View[@content-desc='收不到验证码？使用账号密码登录']
2017-11-23 16:03:43,809 : 设备：VIVO_X7 screen shot at path:C:\Users\hp\PycharmProjects\appium_python_android\testresult\2017_11_23_16_01_27\VIVO_X7\登录成功.png
2017-11-23 16:03:43,809 : 设备：VIVO_X7 登录成功
2017-11-23 16:03:43,809 : 设备：VIVO_X7 预处理成功，开始执行测试用例
2017-11-23 16:03:43,809 : 设备：VIVO_X7 清理sd卡录制的mp4文件
2017-11-23 16:03:43,829 : 设备：VIVO_X7 ---开始执行autotest---
2017-11-23 16:03:43,947 : 设备：d6d9f4c6 SD中不存在测试图片 
2017-11-23 16:03:59,440 : 设备：d6d9f4c6 SD中不存在测试视频 
2017-11-23 16:04:14,463 : 设备：VIVO_X7 开始Load测试用例...
2017-11-23 16:04:14,463 : 设备：VIVO_X7 测试用例Load完成
2017-11-23 16:04:14,464 : 设备：VIVO_X7 开始执行测试用例...
2017-11-23 16:04:14,464 : 设备：VIVO_X7 测试用例执行完成
2017-11-23 16:04:14,467 : 开始生成测试报告...
